SPECIFICATION LivenessSpec

CONSTANTS
  JobIds = {j1}
  RunnerIds = {r1}
  Nonces = {n1}
  SessionIds = {s1}
  Endpoints = {e1}
  Null = null

INVARIANT SafetyInvariants

PROPERTY TemporalProperties

==============================================================================

[+] Running TLC
[+]   Spec   : ../model/SecureRunnerHardenedModel.tla
[+]   Config : ../model/configs/liveness_1runner.cfg
[+]   Output : tlc_outputs
TLC2 Version 2.20 of Day Month 20?? (rev: bb62e53)
Running breadth-first search Model-Checking with fp 125 with 4 workers on 48 cores with 21845MB heap and 64MB offheap memory (MSBDiskFPSet, DiskStateQueue).
Parsing file model/SecureRunnerHardenedModel.tla (file:scripts/../model/SecureRunnerHardenedModel.tla)
Parsing file model/SecureRunner.tla (file:scripts/../model/SecureRunner.tla)
Parsing file model/ABSS.tla (file:scripts/../model/ABSS.tla)
Parsing file Naturals.tla
Parsing file FiniteSets.tla
Parsing file _TLCTrace.tla
Parsing file Sequences.tla
Parsing file TLC.tla
Parsing file TLCExt.tla
Parsing file Integers.tla
Semantic processing of module Naturals
Semantic processing of module SecureRunner
Semantic processing of module ABSS
Semantic processing of module Sequences
Semantic processing of module FiniteSets
Semantic processing of module TLC
Semantic processing of module Integers
Semantic processing of module TLCExt
Semantic processing of module _TLCTrace
Semantic processing of module SecureRunnerHardenedModel
Linting of module SecureRunner
Linting of module ABSS
Linting of module TLCExt
Linting of module _TLCTrace
Linting of module SecureRunnerHardenedModel
Starting... (2026-06-19 11:34:15)
Implied-temporal checking--satisfiability problem has 9 branches.
Computing initial states...
Finished computing initial states: 1 distinct state generated at 2026-06-19 11:34:16.
Progress(16) at 2026-06-19 11:34:17: 659 states generated, 255 distinct states found, 0 states left on queue.
Checking 9 branches of temporal properties for the complete state space with 2295 total distinct states at (2026-06-19 11:34:17)
Finished checking temporal properties in 01s at 2026-06-19 11:34:19
Model checking completed. No error has been found.
  Estimates of the probability that TLC did not check all reachable states
  because two distinct states had the same fingerprint:
  calculated (optimistic):  val = 5.6E-15
659 states generated, 255 distinct states found, 0 states left on queue.
The depth of the complete state graph search is 16.
The average outdegree of the complete state graph is 1 (minimum is 0, the maximum 5 and the 95th percentile is 3).
Finished in 08s at (2026-06-19 11:34:20)
[+] TLC completed successfully